Hit:1 http://security.ubuntu.com/ubuntu jammy-security InRelease
Hit:2 http://archive.ubuntu.com/ubuntu jammy InRelease
Hit:3 http://archive.ubuntu.com/ubuntu jammy-updates InRelease
Hit:4 http://archive.ubuntu.com/ubuntu jammy-backports InRelease
Hit:5 https://packagecloud.io/fdio/release/ubuntu jammy InRelease
Reading package lists...
Reading package lists...
Building dependency tree...
Reading state information...
iproute2 is already the newest version (5.15.0-1ubuntu2).
curl is already the newest version (7.81.0-1ubuntu1.22).
gnupg is already the newest version (2.2.27-3ubuntu2.5).
iputils-ping is already the newest version (3:20211215-1ubuntu0.1).
0 upgraded, 0 newly installed, 0 to remove and 4 not upgraded.
Detected operating system as Ubuntu/jammy.
Checking for curl...
Detected curl...
Checking for gpg...
Detected gpg...
Detected apt version as 2.4.14
Running apt-get update... done.
Installing apt-transport-https... done.
Installing /etc/apt/sources.list.d/fdio_release.list...done.
Importing packagecloud gpg key... Packagecloud gpg key imported to /etc/apt/keyrings/fdio_release-archive-keyring.gpg
done.
Running apt-get update... done.

The repository is setup! You can now install packages.
Reading package lists...
Building dependency tree...
Reading state information...
vpp is already the newest version (26.02-release).
vpp-plugin-core is already the newest version (26.02-release).
0 upgraded, 0 newly installed, 0 to remove and 4 not upgraded.
